<?xml version="1.0" encoding="UTF-8"?>
<!-- Generated by org.testng.reporters.JUnitReportReporter -->
<testsuite hostname="DESKTOP-5AJBKML" failures="0" tests="2" name="HomePageTest" time="13.541" errors="0" timestamp="2023-10-31T21:13:37 IST" skipped="0">
  <testcase classname="HomePageTest" name="testHomepageHeading" time="6.845"/>
  <testcase classname="HomePageTest" name="testLogoutFunctionality" time="6.696"/>
</testsuite> <!-- HomePageTest -->
