<?xml version="1.0" encoding="UTF-8"?>
<!-- Generated by org.testng.reporters.JUnitReportReporter -->
<testsuite hostname="DESKTOP-5AJBKML" failures="0" tests="5" name="LoginPageTest" time="34.873" errors="0" timestamp="2023-10-31T21:13:37 IST" skipped="0">
  <testcase classname="LoginPageTest" name="testLoginWithEmptyInputs" time="5.411"/>
  <testcase classname="LoginPageTest" name="testLoginWithEmptyUserId" time="5.048"/>
  <testcase classname="LoginPageTest" name="testLoginWithEmptyPin" time="13.529"/>
  <testcase classname="LoginPageTest" name="testLoginWithInvalidCreds" time="5.729"/>
  <testcase classname="LoginPageTest" name="testLoginWithValidCreds" time="5.156"/>
</testsuite> <!-- LoginPageTest -->
